<?xml version="1.0" encoding="UTF-8"?>
<testng-results ignored="0" total="1" passed="1" failed="0" skipped="0">
  <reporter-output>
  </reporter-output>
  <suite started-at="2023-08-22T12:24:49 IST" name="Default suite" finished-at="2023-08-22T12:25:02 IST" duration-ms="12599">
    <groups>
    </groups>
    <test started-at="2023-08-22T12:24:49 IST" name="Default test" finished-at="2023-08-22T12:25:02 IST" duration-ms="12599">
      <class name="testcases.Firsttest">
        <test-method is-config="true" signature="startup()[pri:0, instance:testcases.Firsttest@78e4deb0]" started-at="2023-08-22T12:24:49 IST" name="startup" finished-at="2023-08-22T12:25:00 IST" duration-ms="11244" status="PASS">
          <reporter-output>
          </reporter-output>
        </test-method> <!-- startup -->
        <test-method signature="login()[pri:0, instance:testcases.Firsttest@78e4deb0]" started-at="2023-08-22T12:25:00 IST" name="login" finished-at="2023-08-22T12:25:02 IST" duration-ms="1115" status="PASS">
          <reporter-output>
          </reporter-output>
        </test-method> <!-- login -->
      </class> <!-- testcases.Firsttest -->
    </test> <!-- Default test -->
  </suite> <!-- Default suite -->
</testng-results>
